<?xml version="1.0" encoding="UTF-8"?>
<!-- Generated by org.testng.reporters.JUnitReportReporter -->
<testsuite skipped="0" hostname="workstation" name="com.qa.tests.LoginTest" tests="3" failures="0" timestamp="2020-06-29T22:16:21 IST" time="16.554" errors="0">
  <testcase name="invalidPassword" time="5.765" classname="com.qa.tests.LoginTest"/>
  <system-out/>
  <testcase name="invalidUsername" time="4.979" classname="com.qa.tests.LoginTest"/>
  <system-out/>
  <testcase name="successfulLogin" time="5.810" classname="com.qa.tests.LoginTest"/>
  <system-out/>
</testsuite> <!-- com.qa.tests.LoginTest -->
